
*** Running vivado
    with args -log top.vdi -applog -m64 -product Vivado -messageDb vivado.pb -mode batch -source top.tcl -notrace


****** Vivado v2019.1 (64-bit)
  **** SW Build 2552052 on Fri May 24 14:49:42 MDT 2019
  **** IP Build 2548770 on Fri May 24 18:01:18 MDT 2019
    ** Copyright 1986-2019 Xilinx, Inc. All Rights Reserved.

source top.tcl -notrace
Command: link_design -top top -part xc7z020clg484-1
Design is defaulting to srcset: sources_1
Design is defaulting to constrset: constrs_1
INFO: [Device 21-403] Loading part xc7z020clg484-1
INFO: [Project 1-454] Reading design checkpoint 'c:/Users/atfie/watchman-ne1/wdc_zedboard/wdc_zedboard/wdc_zedboard.srcs/sources_1/ip/LCLK_MMCM/LCLK_MMCM.dcp' for cell 'lclk_mmcm_0'
INFO: [Project 1-454] Reading design checkpoint 'c:/Users/atfie/watchman-ne1/wdc_zedboard/wdc_zedboard/wdc_zedboard.srcs/sources_1/ip/SCRATCH_DPRAM/SCRATCH_DPRAM.dcp' for cell 'CUPPA_0/PG_DPRAM'
INFO: [Project 1-454] Reading design checkpoint 'c:/Users/atfie/watchman-ne1/wdc_zedboard/wdc_zedboard/wdc_zedboard.srcs/sources_1/ip/FIFO_2048_32/FIFO_2048_32.dcp' for cell 'CUPPA_0/UART_DEBUG_0/FIFO_2048_32_0'
INFO: [Netlist 29-17] Analyzing 198 Unisim elements for replacement
INFO: [Netlist 29-28] Unisim Transformation completed in 0 CPU seconds
INFO: [Project 1-479] Netlist was created with Vivado 2019.1
INFO: [Project 1-570] Preparing netlist for logic optimization
Parsing XDC File [c:/Users/atfie/watchman-ne1/wdc_zedboard/wdc_zedboard/wdc_zedboard.srcs/sources_1/ip/LCLK_MMCM/LCLK_MMCM_board.xdc] for cell 'lclk_mmcm_0/inst'
Finished Parsing XDC File [c:/Users/atfie/watchman-ne1/wdc_zedboard/wdc_zedboard/wdc_zedboard.srcs/sources_1/ip/LCLK_MMCM/LCLK_MMCM_board.xdc] for cell 'lclk_mmcm_0/inst'
Parsing XDC File [c:/Users/atfie/watchman-ne1/wdc_zedboard/wdc_zedboard/wdc_zedboard.srcs/sources_1/ip/LCLK_MMCM/LCLK_MMCM.xdc] for cell 'lclk_mmcm_0/inst'
INFO: [Timing 38-35] Done setting XDC timing constraints. [c:/Users/atfie/watchman-ne1/wdc_zedboard/wdc_zedboard/wdc_zedboard.srcs/sources_1/ip/LCLK_MMCM/LCLK_MMCM.xdc:57]
INFO: [Timing 38-2] Deriving generated clocks [c:/Users/atfie/watchman-ne1/wdc_zedboard/wdc_zedboard/wdc_zedboard.srcs/sources_1/ip/LCLK_MMCM/LCLK_MMCM.xdc:57]
get_clocks: Time (s): cpu = 00:00:09 ; elapsed = 00:00:09 . Memory (MB): peak = 1272.926 ; gain = 570.051
Finished Parsing XDC File [c:/Users/atfie/watchman-ne1/wdc_zedboard/wdc_zedboard/wdc_zedboard.srcs/sources_1/ip/LCLK_MMCM/LCLK_MMCM.xdc] for cell 'lclk_mmcm_0/inst'
Parsing XDC File [c:/Users/atfie/watchman-ne1/wdc_zedboard/wdc_zedboard/wdc_zedboard.srcs/sources_1/ip/FIFO_2048_32/FIFO_2048_32.xdc] for cell 'CUPPA_0/UART_DEBUG_0/FIFO_2048_32_0/U0'
Finished Parsing XDC File [c:/Users/atfie/watchman-ne1/wdc_zedboard/wdc_zedboard/wdc_zedboard.srcs/sources_1/ip/FIFO_2048_32/FIFO_2048_32.xdc] for cell 'CUPPA_0/UART_DEBUG_0/FIFO_2048_32_0/U0'
Parsing XDC File [C:/Users/atfie/watchman-ne1/wdc_zedboard/wdc_zedboard/wdc_zedboard.srcs/constrs_1/new/pin_assign.xdc]
Finished Parsing XDC File [C:/Users/atfie/watchman-ne1/wdc_zedboard/wdc_zedboard/wdc_zedboard.srcs/constrs_1/new/pin_assign.xdc]
INFO: [Opt 31-138] Pushed 0 inverter(s) to 0 load pin(s).
Netlist sorting complete. Time (s): cpu = 00:00:00 ; elapsed = 00:00:00 . Memory (MB): peak = 1272.926 ; gain = 0.000
INFO: [Project 1-111] Unisim Transformation Summary:
No Unisim elements were transformed.

12 Infos, 0 Warnings, 0 Critical Warnings and 0 Errors encountered.
link_design completed successfully
link_design: Time (s): cpu = 00:00:16 ; elapsed = 00:00:17 . Memory (MB): peak = 1272.926 ; gain = 972.141
Command: opt_design
Attempting to get a license for feature 'Implementation' and/or device 'xc7z020'
INFO: [Common 17-349] Got license for feature 'Implementation' and/or device 'xc7z020'
Running DRC as a precondition to command opt_design

Starting DRC Task
INFO: [DRC 23-27] Running DRC with 2 threads
INFO: [Project 1-461] DRC finished with 0 Errors
INFO: [Project 1-462] Please refer to the DRC report (report_drc) for more information.

Time (s): cpu = 00:00:02 ; elapsed = 00:00:00.821 . Memory (MB): peak = 1272.926 ; gain = 0.000

Starting Cache Timing Information Task
INFO: [Timing 38-35] Done setting XDC timing constraints.
Ending Cache Timing Information Task | Checksum: 109b43150

Time (s): cpu = 00:00:00 ; elapsed = 00:00:00.088 . Memory (MB): peak = 1288.141 ; gain = 15.215

Starting Logic Optimization Task

Phase 1 Retarget
INFO: [Opt 31-138] Pushed 0 inverter(s) to 0 load pin(s).
INFO: [Opt 31-49] Retargeted 0 cell(s).
Phase 1 Retarget | Checksum: 17da222f3

Time (s): cpu = 00:00:00 ; elapsed = 00:00:00.110 . Memory (MB): peak = 1425.797 ; gain = 0.000
INFO: [Opt 31-389] Phase Retarget created 0 cells and removed 1 cells
INFO: [Opt 31-1021] In phase Retarget, 4 netlist objects are constrained preventing optimization. Please run opt_design with -debug_log to get more detail. 

Phase 2 Constant propagation
INFO: [Opt 31-138] Pushed 0 inverter(s) to 0 load pin(s).
Phase 2 Constant propagation | Checksum: 17da222f3

Time (s): cpu = 00:00:00 ; elapsed = 00:00:00.131 . Memory (MB): peak = 1425.797 ; gain = 0.000
INFO: [Opt 31-389] Phase Constant propagation created 0 cells and removed 0 cells
INFO: [Opt 31-1021] In phase Constant propagation, 3 netlist objects are constrained preventing optimization. Please run opt_design with -debug_log to get more detail. 

Phase 3 Sweep
Phase 3 Sweep | Checksum: 1ef947206

Time (s): cpu = 00:00:00 ; elapsed = 00:00:00.215 . Memory (MB): peak = 1425.797 ; gain = 0.000
INFO: [Opt 31-389] Phase Sweep created 0 cells and removed 2 cells
INFO: [Opt 31-1021] In phase Sweep, 10 netlist objects are constrained preventing optimization. Please run opt_design with -debug_log to get more detail. 

Phase 4 BUFG optimization
Phase 4 BUFG optimization | Checksum: 1ef947206

Time (s): cpu = 00:00:00 ; elapsed = 00:00:00.258 . Memory (MB): peak = 1425.797 ; gain = 0.000
INFO: [Opt 31-662] Phase BUFG optimization created 0 cells of which 0 are BUFGs and removed 0 cells.

Phase 5 Shift Register Optimization
INFO: [Opt 31-1064] SRL Remap converted 0 SRLs to 0 registers and converted 0 registers of register chains to 0 SRLs
Phase 5 Shift Register Optimization | Checksum: 1ef947206

Time (s): cpu = 00:00:00 ; elapsed = 00:00:00.289 . Memory (MB): peak = 1425.797 ; gain = 0.000
INFO: [Opt 31-389] Phase Shift Register Optimization created 0 cells and removed 0 cells

Phase 6 Post Processing Netlist
Phase 6 Post Processing Netlist | Checksum: 1ef947206

Time (s): cpu = 00:00:00 ; elapsed = 00:00:00.303 . Memory (MB): peak = 1425.797 ; gain = 0.000
INFO: [Opt 31-389] Phase Post Processing Netlist created 0 cells and removed 0 cells
INFO: [Opt 31-1021] In phase Post Processing Netlist, 3 netlist objects are constrained preventing optimization. Please run opt_design with -debug_log to get more detail. 
Opt_design Change Summary
=========================


-------------------------------------------------------------------------------------------------------------------------
|  Phase                        |  #Cells created  |  #Cells Removed  |  #Constrained objects preventing optimizations  |
-------------------------------------------------------------------------------------------------------------------------
|  Retarget                     |               0  |               1  |                                              4  |
|  Constant propagation         |               0  |               0  |                                              3  |
|  Sweep                        |               0  |               2  |                                             10  |
|  BUFG optimization            |               0  |               0  |                                              0  |
|  Shift Register Optimization  |               0  |               0  |                                              0  |
|  Post Processing Netlist      |               0  |               0  |                                              3  |
-------------------------------------------------------------------------------------------------------------------------



Starting Connectivity Check Task

Time (s): cpu = 00:00:00 ; elapsed = 00:00:00.004 . Memory (MB): peak = 1425.797 ; gain = 0.000
Ending Logic Optimization Task | Checksum: 17ff51f12

Time (s): cpu = 00:00:00 ; elapsed = 00:00:00.414 . Memory (MB): peak = 1425.797 ; gain = 0.000

Starting Power Optimization Task
INFO: [Pwropt 34-132] Skipping clock gating for clocks with a period < 2.00 ns.
INFO: [Timing 38-35] Done setting XDC timing constraints.
INFO: [Pwropt 34-9] Applying IDT optimizations ...
INFO: [Pwropt 34-10] Applying ODC optimizations ...
INFO: [Physopt 32-619] Estimated Timing Summary | WNS=0.491 | TNS=0.000 |
Running Vector-less Activity Propagation...

Finished Running Vector-less Activity Propagation


Starting PowerOpt Patch Enables Task
INFO: [Pwropt 34-162] WRITE_MODE attribute of 2 BRAM(s) out of a total of 3 has been updated to save power. Run report_power_opt to get a complete listing of the BRAMs updated.
INFO: [Pwropt 34-201] Structural ODC has moved 1 WE to EN ports
Number of BRAM Ports augmented: 0 newly gated: 2 Total Ports: 6
Ending PowerOpt Patch Enables Task | Checksum: 1b8cf873d

Time (s): cpu = 00:00:00 ; elapsed = 00:00:00.024 . Memory (MB): peak = 1574.102 ; gain = 0.000
Ending Power Optimization Task | Checksum: 1b8cf873d

Time (s): cpu = 00:00:02 ; elapsed = 00:00:01 . Memory (MB): peak = 1574.102 ; gain = 148.305

Starting Final Cleanup Task
Ending Final Cleanup Task | Checksum: 1b8cf873d

Time (s): cpu = 00:00:00 ; elapsed = 00:00:00 . Memory (MB): peak = 1574.102 ; gain = 0.000

Starting Netlist Obfuscation Task
Netlist sorting complete. Time (s): cpu = 00:00:00 ; elapsed = 00:00:00.001 . Memory (MB): peak = 1574.102 ; gain = 0.000
Ending Netlist Obfuscation Task | Checksum: 169be94f7

Time (s): cpu = 00:00:00 ; elapsed = 00:00:00.002 . Memory (MB): peak = 1574.102 ; gain = 0.000
INFO: [Common 17-83] Releasing license: Implementation
39 Infos, 0 Warnings, 0 Critical Warnings and 0 Errors encountered.
opt_design completed successfully
Netlist sorting complete. Time (s): cpu = 00:00:00 ; elapsed = 00:00:00.001 . Memory (MB): peak = 1574.102 ; gain = 0.000
INFO: [Timing 38-480] Writing timing data to binary archive.
Writing placer database...
Writing XDEF routing.
Writing XDEF routing logical nets.
Writing XDEF routing special nets.
Write XDEF Complete: Time (s): cpu = 00:00:00 ; elapsed = 00:00:00.089 . Memory (MB): peak = 1574.102 ; gain = 0.000
INFO: [Common 17-1381] The checkpoint 'C:/Users/atfie/watchman-ne1/wdc_zedboard/wdc_zedboard/wdc_zedboard.runs/impl_1/top_opt.dcp' has been generated.
INFO: [runtcl-4] Executing : report_drc -file top_drc_opted.rpt -pb top_drc_opted.pb -rpx top_drc_opted.rpx
Command: report_drc -file top_drc_opted.rpt -pb top_drc_opted.pb -rpx top_drc_opted.rpx
INFO: [IP_Flow 19-1839] IP Catalog is up to date.
INFO: [DRC 23-27] Running DRC with 2 threads
INFO: [Coretcl 2-168] The results of DRC are in file C:/Users/atfie/watchman-ne1/wdc_zedboard/wdc_zedboard/wdc_zedboard.runs/impl_1/top_drc_opted.rpt.
report_drc completed successfully
Command: place_design
Attempting to get a license for feature 'Implementation' and/or device 'xc7z020'
INFO: [Common 17-349] Got license for feature 'Implementation' and/or device 'xc7z020'
INFO: [DRC 23-27] Running DRC with 2 threads
INFO: [Vivado_Tcl 4-198] DRC finished with 0 Errors
INFO: [Vivado_Tcl 4-199] Please refer to the DRC report (report_drc) for more information.
Running DRC as a precondition to command place_design
INFO: [DRC 23-27] Running DRC with 2 threads
INFO: [Vivado_Tcl 4-198] DRC finished with 0 Errors
INFO: [Vivado_Tcl 4-199] Please refer to the DRC report (report_drc) for more information.

Starting Placer Task
INFO: [Place 30-611] Multithreading enabled for place_design using a maximum of 2 CPUs

Phase 1 Placer Initialization

Phase 1.1 Placer Initialization Netlist Sorting
Netlist sorting complete. Time (s): cpu = 00:00:00 ; elapsed = 00:00:00.001 . Memory (MB): peak = 1574.102 ; gain = 0.000
Phase 1.1 Placer Initialization Netlist Sorting | Checksum: 128702c3b

Time (s): cpu = 00:00:00 ; elapsed = 00:00:00.005 . Memory (MB): peak = 1574.102 ; gain = 0.000
Netlist sorting complete. Time (s): cpu = 00:00:00 ; elapsed = 00:00:00.001 . Memory (MB): peak = 1574.102 ; gain = 0.000

Phase 1.2 IO Placement/ Clock Placement/ Build Placer Device
INFO: [Timing 38-35] Done setting XDC timing constraints.
Phase 1.2 IO Placement/ Clock Placement/ Build Placer Device | Checksum: 13c931ed6

Time (s): cpu = 00:00:01 ; elapsed = 00:00:00.659 . Memory (MB): peak = 1574.102 ; gain = 0.000

Phase 1.3 Build Placer Netlist Model
Phase 1.3 Build Placer Netlist Model | Checksum: 1e757031b

Time (s): cpu = 00:00:02 ; elapsed = 00:00:01 . Memory (MB): peak = 1574.102 ; gain = 0.000

Phase 1.4 Constrain Clocks/Macros
Phase 1.4 Constrain Clocks/Macros | Checksum: 1e757031b

Time (s): cpu = 00:00:02 ; elapsed = 00:00:01 . Memory (MB): peak = 1574.102 ; gain = 0.000
Phase 1 Placer Initialization | Checksum: 1e757031b

Time (s): cpu = 00:00:02 ; elapsed = 00:00:01 . Memory (MB): peak = 1574.102 ; gain = 0.000

Phase 2 Global Placement

Phase 2.1 Floorplanning
Phase 2.1 Floorplanning | Checksum: 1621b69ac

Time (s): cpu = 00:00:02 ; elapsed = 00:00:01 . Memory (MB): peak = 1574.102 ; gain = 0.000

Phase 2.2 Global Placement Core

Phase 2.2.1 Physical Synthesis In Placer
INFO: [Physopt 32-65] No nets found for high-fanout optimization.
INFO: [Physopt 32-232] Optimized 0 net. Created 0 new instance.
INFO: [Physopt 32-775] End 1 Pass. Optimized 0 net or cell. Created 0 new cell, deleted 0 existing cell and moved 0 existing cell
INFO: [Physopt 32-670] No setup violation found.  DSP Register Optimization was not performed.
INFO: [Physopt 32-670] No setup violation found.  Shift Register Optimization was not performed.
INFO: [Physopt 32-670] No setup violation found.  BRAM Register Optimization was not performed.
INFO: [Physopt 32-949] No candidate nets found for HD net replication
INFO: [Physopt 32-775] End 1 Pass. Optimized 0 net or cell. Created 0 new cell, deleted 0 existing cell and moved 0 existing cell
Netlist sorting complete. Time (s): cpu = 00:00:00 ; elapsed = 00:00:00.001 . Memory (MB): peak = 1574.102 ; gain = 0.000

Summary of Physical Synthesis Optimizations
============================================


----------------------------------------------------------------------------------------------------------------------------------------
|  Optimization                  |  Added Cells  |  Removed Cells  |  Optimized Cells/Nets  |  Dont Touch  |  Iterations  |  Elapsed   |
----------------------------------------------------------------------------------------------------------------------------------------
|  Very High Fanout              |            0  |              0  |                     0  |           0  |           1  |  00:00:00  |
|  DSP Register                  |            0  |              0  |                     0  |           0  |           0  |  00:00:00  |
|  Shift Register                |            0  |              0  |                     0  |           0  |           0  |  00:00:00  |
|  BRAM Register                 |            0  |              0  |                     0  |           0  |           0  |  00:00:00  |
|  HD Interface Net Replication  |            0  |              0  |                     0  |           0  |           1  |  00:00:00  |
|  Total                         |            0  |              0  |                     0  |           0  |           2  |  00:00:00  |
----------------------------------------------------------------------------------------------------------------------------------------


Phase 2.2.1 Physical Synthesis In Placer | Checksum: 16bf6b9ec

Time (s): cpu = 00:00:09 ; elapsed = 00:00:05 . Memory (MB): peak = 1574.102 ; gain = 0.000
Phase 2.2 Global Placement Core | Checksum: 1b12bd38a

Time (s): cpu = 00:00:09 ; elapsed = 00:00:05 . Memory (MB): peak = 1574.102 ; gain = 0.000
Phase 2 Global Placement | Checksum: 1b12bd38a

Time (s): cpu = 00:00:09 ; elapsed = 00:00:05 . Memory (MB): peak = 1574.102 ; gain = 0.000

Phase 3 Detail Placement

Phase 3.1 Commit Multi Column Macros
Phase 3.1 Commit Multi Column Macros | Checksum: 1e71a7bff

Time (s): cpu = 00:00:09 ; elapsed = 00:00:05 . Memory (MB): peak = 1574.102 ; gain = 0.000

Phase 3.2 Commit Most Macros & LUTRAMs
Phase 3.2 Commit Most Macros & LUTRAMs | Checksum: 1e0805211

Time (s): cpu = 00:00:09 ; elapsed = 00:00:05 . Memory (MB): peak = 1574.102 ; gain = 0.000

Phase 3.3 Area Swap Optimization
Phase 3.3 Area Swap Optimization | Checksum: 1ede13fd1

Time (s): cpu = 00:00:10 ; elapsed = 00:00:05 . Memory (MB): peak = 1574.102 ; gain = 0.000

Phase 3.4 Pipeline Register Optimization
Phase 3.4 Pipeline Register Optimization | Checksum: 205c7c76a

Time (s): cpu = 00:00:10 ; elapsed = 00:00:05 . Memory (MB): peak = 1574.102 ; gain = 0.000

Phase 3.5 Small Shape Detail Placement
Phase 3.5 Small Shape Detail Placement | Checksum: 17b4a45b2

Time (s): cpu = 00:00:10 ; elapsed = 00:00:06 . Memory (MB): peak = 1574.102 ; gain = 0.000

Phase 3.6 Re-assign LUT pins
Phase 3.6 Re-assign LUT pins | Checksum: 10199c163

Time (s): cpu = 00:00:10 ; elapsed = 00:00:06 . Memory (MB): peak = 1574.102 ; gain = 0.000

Phase 3.7 Pipeline Register Optimization
Phase 3.7 Pipeline Register Optimization | Checksum: 163e56dff

Time (s): cpu = 00:00:10 ; elapsed = 00:00:06 . Memory (MB): peak = 1574.102 ; gain = 0.000
Phase 3 Detail Placement | Checksum: 163e56dff

Time (s): cpu = 00:00:10 ; elapsed = 00:00:06 . Memory (MB): peak = 1574.102 ; gain = 0.000

Phase 4 Post Placement Optimization and Clean-Up

Phase 4.1 Post Commit Optimization
INFO: [Timing 38-35] Done setting XDC timing constraints.

Phase 4.1.1 Post Placement Optimization
Post Placement Optimization Initialization | Checksum: 1af228805

Phase 4.1.1.1 BUFG Insertion
INFO: [Place 46-56] BUFG insertion identified 0 candidate nets. Inserted BUFG: 0, Replicated BUFG Driver: 0, Skipped due to Placement/Routing Conflicts: 0, Skipped due to Timing Degradation: 0, Skipped due to Illegal Netlist: 0.
Phase 4.1.1.1 BUFG Insertion | Checksum: 1af228805

Time (s): cpu = 00:00:11 ; elapsed = 00:00:07 . Memory (MB): peak = 1574.102 ; gain = 0.000
INFO: [Place 30-746] Post Placement Timing Summary WNS=0.639. For the most accurate timing information please run report_timing.
Phase 4.1.1 Post Placement Optimization | Checksum: 172d43ffc

Time (s): cpu = 00:00:11 ; elapsed = 00:00:07 . Memory (MB): peak = 1574.102 ; gain = 0.000
Phase 4.1 Post Commit Optimization | Checksum: 172d43ffc

Time (s): cpu = 00:00:11 ; elapsed = 00:00:07 . Memory (MB): peak = 1574.102 ; gain = 0.000

Phase 4.2 Post Placement Cleanup
Phase 4.2 Post Placement Cleanup | Checksum: 172d43ffc

Time (s): cpu = 00:00:11 ; elapsed = 00:00:07 . Memory (MB): peak = 1574.102 ; gain = 0.000

Phase 4.3 Placer Reporting
Phase 4.3 Placer Reporting | Checksum: 172d43ffc

Time (s): cpu = 00:00:11 ; elapsed = 00:00:07 . Memory (MB): peak = 1574.102 ; gain = 0.000

Phase 4.4 Final Placement Cleanup
Netlist sorting complete. Time (s): cpu = 00:00:00 ; elapsed = 00:00:00.001 . Memory (MB): peak = 1574.102 ; gain = 0.000
Phase 4.4 Final Placement Cleanup | Checksum: 1ef0dd1b4

Time (s): cpu = 00:00:11 ; elapsed = 00:00:07 . Memory (MB): peak = 1574.102 ; gain = 0.000
Phase 4 Post Placement Optimization and Clean-Up | Checksum: 1ef0dd1b4

Time (s): cpu = 00:00:11 ; elapsed = 00:00:07 . Memory (MB): peak = 1574.102 ; gain = 0.000
Ending Placer Task | Checksum: 13b418ff3

Time (s): cpu = 00:00:11 ; elapsed = 00:00:07 . Memory (MB): peak = 1574.102 ; gain = 0.000
INFO: [Common 17-83] Releasing license: Implementation
66 Infos, 0 Warnings, 0 Critical Warnings and 0 Errors encountered.
place_design completed successfully
place_design: Time (s): cpu = 00:00:12 ; elapsed = 00:00:08 . Memory (MB): peak = 1574.102 ; gain = 0.000
Netlist sorting complete. Time (s): cpu = 00:00:00 ; elapsed = 00:00:00.001 . Memory (MB): peak = 1574.102 ; gain = 0.000
INFO: [Timing 38-480] Writing timing data to binary archive.
Writing placer database...
Writing XDEF routing.
Writing XDEF routing logical nets.
Writing XDEF routing special nets.
Write XDEF Complete: Time (s): cpu = 00:00:01 ; elapsed = 00:00:00.308 . Memory (MB): peak = 1574.102 ; gain = 0.000
INFO: [Common 17-1381] The checkpoint 'C:/Users/atfie/watchman-ne1/wdc_zedboard/wdc_zedboard/wdc_zedboard.runs/impl_1/top_placed.dcp' has been generated.
INFO: [runtcl-4] Executing : report_io -file top_io_placed.rpt
report_io: Time (s): cpu = 00:00:00 ; elapsed = 00:00:00.067 . Memory (MB): peak = 1574.102 ; gain = 0.000
INFO: [runtcl-4] Executing : report_utilization -file top_utilization_placed.rpt -pb top_utilization_placed.pb
INFO: [runtcl-4] Executing : report_control_sets -verbose -file top_control_sets_placed.rpt
report_control_sets: Time (s): cpu = 00:00:00 ; elapsed = 00:00:00.038 . Memory (MB): peak = 1574.102 ; gain = 0.000
Command: route_design
Attempting to get a license for feature 'Implementation' and/or device 'xc7z020'
INFO: [Common 17-349] Got license for feature 'Implementation' and/or device 'xc7z020'
Running DRC as a precondition to command route_design
INFO: [DRC 23-27] Running DRC with 2 threads
INFO: [Vivado_Tcl 4-198] DRC finished with 0 Errors
INFO: [Vivado_Tcl 4-199] Please refer to the DRC report (report_drc) for more information.


Starting Routing Task
INFO: [Route 35-254] Multithreading enabled for route_design using a maximum of 2 CPUs
Checksum: PlaceDB: 5b804c41 ConstDB: 0 ShapeSum: dfc143b2 RouteDB: 0

Phase 1 Build RT Design
Phase 1 Build RT Design | Checksum: 145dff8e4

Time (s): cpu = 00:00:32 ; elapsed = 00:00:28 . Memory (MB): peak = 1574.102 ; gain = 0.000
Post Restoration Checksum: NetGraph: 61c29118 NumContArr: e41d67cc Constraints: 0 Timing: 0

Phase 2 Router Initialization

Phase 2.1 Create Timer
Phase 2.1 Create Timer | Checksum: 145dff8e4

Time (s): cpu = 00:00:32 ; elapsed = 00:00:28 . Memory (MB): peak = 1578.129 ; gain = 4.027

Phase 2.2 Fix Topology Constraints
Phase 2.2 Fix Topology Constraints | Checksum: 145dff8e4

Time (s): cpu = 00:00:32 ; elapsed = 00:00:28 . Memory (MB): peak = 1585.418 ; gain = 11.316

Phase 2.3 Pre Route Cleanup
Phase 2.3 Pre Route Cleanup | Checksum: 145dff8e4

Time (s): cpu = 00:00:32 ; elapsed = 00:00:28 . Memory (MB): peak = 1585.418 ; gain = 11.316
 Number of Nodes with overlaps = 0

Phase 2.4 Update Timing
Phase 2.4 Update Timing | Checksum: 224589367

Time (s): cpu = 00:00:33 ; elapsed = 00:00:28 . Memory (MB): peak = 1600.406 ; gain = 26.305
INFO: [Route 35-416] Intermediate Timing Summary | WNS=0.640  | TNS=0.000  | WHS=-0.359 | THS=-27.254|

Phase 2 Router Initialization | Checksum: 1bb7afb9c

Time (s): cpu = 00:00:33 ; elapsed = 00:00:29 . Memory (MB): peak = 1600.406 ; gain = 26.305

Router Utilization Summary
  Global Vertical Routing Utilization    = 0 %
  Global Horizontal Routing Utilization  = 0 %
  Routable Net Status*
  *Does not include unroutable nets such as driverless and loadless.
  Run report_route_status for detailed report.
  Number of Failed Nets               = 1527
    (Failed Nets is the sum of unrouted and partially routed nets)
  Number of Unrouted Nets             = 1527
  Number of Partially Routed Nets     = 0
  Number of Node Overlaps             = 0


Phase 3 Initial Routing
Phase 3 Initial Routing | Checksum: 1b7f22a28

Time (s): cpu = 00:00:34 ; elapsed = 00:00:29 . Memory (MB): peak = 1600.406 ; gain = 26.305

Phase 4 Rip-up And Reroute

Phase 4.1 Global Iteration 0
 Number of Nodes with overlaps = 369
 Number of Nodes with overlaps = 174
 Number of Nodes with overlaps = 116
 Number of Nodes with overlaps = 88
 Number of Nodes with overlaps = 35
 Number of Nodes with overlaps = 11
 Number of Nodes with overlaps = 0
INFO: [Route 35-416] Intermediate Timing Summary | WNS=0.046  | TNS=0.000  | WHS=N/A    | THS=N/A    |

Phase 4.1 Global Iteration 0 | Checksum: 296ad0d7a

Time (s): cpu = 00:00:42 ; elapsed = 00:00:34 . Memory (MB): peak = 1600.406 ; gain = 26.305

Phase 4.2 Global Iteration 1
 Number of Nodes with overlaps = 99
 Number of Nodes with overlaps = 58
 Number of Nodes with overlaps = 17
 Number of Nodes with overlaps = 5
 Number of Nodes with overlaps = 2
 Number of Nodes with overlaps = 0
INFO: [Route 35-416] Intermediate Timing Summary | WNS=0.271  | TNS=0.000  | WHS=N/A    | THS=N/A    |

Phase 4.2 Global Iteration 1 | Checksum: 11a33cf4e

Time (s): cpu = 00:00:44 ; elapsed = 00:00:35 . Memory (MB): peak = 1600.406 ; gain = 26.305
Phase 4 Rip-up And Reroute | Checksum: 11a33cf4e

Time (s): cpu = 00:00:44 ; elapsed = 00:00:35 . Memory (MB): peak = 1600.406 ; gain = 26.305

Phase 5 Delay and Skew Optimization

Phase 5.1 Delay CleanUp

Phase 5.1.1 Update Timing
Phase 5.1.1 Update Timing | Checksum: 15638878c

Time (s): cpu = 00:00:44 ; elapsed = 00:00:36 . Memory (MB): peak = 1600.406 ; gain = 26.305
INFO: [Route 35-416] Intermediate Timing Summary | WNS=0.386  | TNS=0.000  | WHS=N/A    | THS=N/A    |

Phase 5.1 Delay CleanUp | Checksum: 15638878c

Time (s): cpu = 00:00:44 ; elapsed = 00:00:36 . Memory (MB): peak = 1600.406 ; gain = 26.305

Phase 5.2 Clock Skew Optimization
Phase 5.2 Clock Skew Optimization | Checksum: 15638878c

Time (s): cpu = 00:00:44 ; elapsed = 00:00:36 . Memory (MB): peak = 1600.406 ; gain = 26.305
Phase 5 Delay and Skew Optimization | Checksum: 15638878c

Time (s): cpu = 00:00:44 ; elapsed = 00:00:36 . Memory (MB): peak = 1600.406 ; gain = 26.305

Phase 6 Post Hold Fix

Phase 6.1 Hold Fix Iter

Phase 6.1.1 Update Timing
Phase 6.1.1 Update Timing | Checksum: f789adbf

Time (s): cpu = 00:00:44 ; elapsed = 00:00:36 . Memory (MB): peak = 1600.406 ; gain = 26.305
INFO: [Route 35-416] Intermediate Timing Summary | WNS=0.386  | TNS=0.000  | WHS=0.059  | THS=0.000  |

Phase 6.1 Hold Fix Iter | Checksum: 12de5fd89

Time (s): cpu = 00:00:44 ; elapsed = 00:00:36 . Memory (MB): peak = 1600.406 ; gain = 26.305
Phase 6 Post Hold Fix | Checksum: 12de5fd89

Time (s): cpu = 00:00:44 ; elapsed = 00:00:36 . Memory (MB): peak = 1600.406 ; gain = 26.305

Phase 7 Route finalize

Router Utilization Summary
  Global Vertical Routing Utilization    = 0.296883 %
  Global Horizontal Routing Utilization  = 0.335193 %
  Routable Net Status*
  *Does not include unroutable nets such as driverless and loadless.
  Run report_route_status for detailed report.
  Number of Failed Nets               = 0
    (Failed Nets is the sum of unrouted and partially routed nets)
  Number of Unrouted Nets             = 0
  Number of Partially Routed Nets     = 0
  Number of Node Overlaps             = 0

Phase 7 Route finalize | Checksum: 17a5035db

Time (s): cpu = 00:00:44 ; elapsed = 00:00:36 . Memory (MB): peak = 1600.406 ; gain = 26.305

Phase 8 Verifying routed nets

 Verification completed successfully
Phase 8 Verifying routed nets | Checksum: 17a5035db

Time (s): cpu = 00:00:44 ; elapsed = 00:00:36 . Memory (MB): peak = 1600.406 ; gain = 26.305

Phase 9 Depositing Routes
Phase 9 Depositing Routes | Checksum: 174a00012

Time (s): cpu = 00:00:45 ; elapsed = 00:00:36 . Memory (MB): peak = 1600.406 ; gain = 26.305

Phase 10 Post Router Timing
INFO: [Route 35-57] Estimated Timing Summary | WNS=0.386  | TNS=0.000  | WHS=0.059  | THS=0.000  |

INFO: [Route 35-327] The final timing numbers are based on the router estimated timing analysis. For a complete and accurate timing signoff, please run report_timing_summary.
Phase 10 Post Router Timing | Checksum: 174a00012

Time (s): cpu = 00:00:45 ; elapsed = 00:00:36 . Memory (MB): peak = 1600.406 ; gain = 26.305
INFO: [Route 35-16] Router Completed Successfully

Time (s): cpu = 00:00:45 ; elapsed = 00:00:36 . Memory (MB): peak = 1600.406 ; gain = 26.305

Routing Is Done.
INFO: [Common 17-83] Releasing license: Implementation
85 Infos, 0 Warnings, 0 Critical Warnings and 0 Errors encountered.
route_design completed successfully
route_design: Time (s): cpu = 00:00:47 ; elapsed = 00:00:37 . Memory (MB): peak = 1600.406 ; gain = 26.305
Netlist sorting complete. Time (s): cpu = 00:00:00 ; elapsed = 00:00:00.001 . Memory (MB): peak = 1600.406 ; gain = 0.000
INFO: [Timing 38-480] Writing timing data to binary archive.
Writing placer database...
Writing XDEF routing.
Writing XDEF routing logical nets.
Writing XDEF routing special nets.
Write XDEF Complete: Time (s): cpu = 00:00:01 ; elapsed = 00:00:00.430 . Memory (MB): peak = 1609.395 ; gain = 8.988
INFO: [Common 17-1381] The checkpoint 'C:/Users/atfie/watchman-ne1/wdc_zedboard/wdc_zedboard/wdc_zedboard.runs/impl_1/top_routed.dcp' has been generated.
INFO: [runtcl-4] Executing : report_drc -file top_drc_routed.rpt -pb top_drc_routed.pb -rpx top_drc_routed.rpx
Command: report_drc -file top_drc_routed.rpt -pb top_drc_routed.pb -rpx top_drc_routed.rpx
INFO: [IP_Flow 19-1839] IP Catalog is up to date.
INFO: [DRC 23-27] Running DRC with 2 threads
INFO: [Coretcl 2-168] The results of DRC are in file C:/Users/atfie/watchman-ne1/wdc_zedboard/wdc_zedboard/wdc_zedboard.runs/impl_1/top_drc_routed.rpt.
report_drc completed successfully
INFO: [runtcl-4] Executing : report_methodology -file top_methodology_drc_routed.rpt -pb top_methodology_drc_routed.pb -rpx top_methodology_drc_routed.rpx
Command: report_methodology -file top_methodology_drc_routed.rpt -pb top_methodology_drc_routed.pb -rpx top_methodology_drc_routed.rpx
INFO: [Timing 38-35] Done setting XDC timing constraints.
INFO: [DRC 23-133] Running Methodology with 2 threads
INFO: [Coretcl 2-1520] The results of Report Methodology are in file C:/Users/atfie/watchman-ne1/wdc_zedboard/wdc_zedboard/wdc_zedboard.runs/impl_1/top_methodology_drc_routed.rpt.
report_methodology completed successfully
INFO: [runtcl-4] Executing : report_power -file top_power_routed.rpt -pb top_power_summary_routed.pb -rpx top_power_routed.rpx
Command: report_power -file top_power_routed.rpt -pb top_power_summary_routed.pb -rpx top_power_routed.rpx
INFO: [Timing 38-35] Done setting XDC timing constraints.
Running Vector-less Activity Propagation...

Finished Running Vector-less Activity Propagation
97 Infos, 0 Warnings, 0 Critical Warnings and 0 Errors encountered.
report_power completed successfully
INFO: [runtcl-4] Executing : report_route_status -file top_route_status.rpt -pb top_route_status.pb
INFO: [runtcl-4] Executing : report_timing_summary -max_paths 10 -file top_timing_summary_routed.rpt -pb top_timing_summary_routed.pb -rpx top_timing_summary_routed.rpx -warn_on_violation 
INFO: [Timing 38-91] UpdateTimingParams: Speed grade: -1, Delay Type: min_max.
INFO: [Timing 38-191] Multithreading enabled for timing update using a maximum of 2 CPUs
INFO: [runtcl-4] Executing : report_incremental_reuse -file top_incremental_reuse_routed.rpt
INFO: [Vivado_Tcl 4-1062] Incremental flow is disabled. No incremental reuse Info to report.
INFO: [runtcl-4] Executing : report_clock_utilization -file top_clock_utilization_routed.rpt
INFO: [runtcl-4] Executing : report_bus_skew -warn_on_violation -file top_bus_skew_routed.rpt -pb top_bus_skew_routed.pb -rpx top_bus_skew_routed.rpx
INFO: [Timing 38-91] UpdateTimingParams: Speed grade: -1, Delay Type: min_max.
INFO: [Timing 38-191] Multithreading enabled for timing update using a maximum of 2 CPUs
Command: write_bitstream -force top.bit
Attempting to get a license for feature 'Implementation' and/or device 'xc7z020'
INFO: [Common 17-349] Got license for feature 'Implementation' and/or device 'xc7z020'
Running DRC as a precondition to command write_bitstream
INFO: [IP_Flow 19-1839] IP Catalog is up to date.
INFO: [DRC 23-27] Running DRC with 2 threads
WARNING: [DRC RTSTAT-10] No routable loads: 3 net(s) have no routable loads. The problem bus(es) and/or net(s) are CUPPA_0/UART_DEBUG_0/FIFO_2048_32_0/U0/inst_fifo_gen/gconvfifo.rf/grf.rf/gntv_or_sync_fifo.gl0.wr/gwss.wsts/ram_afull_fb, CUPPA_0/UART_DEBUG_0/FIFO_2048_32_0/U0/inst_fifo_gen/gconvfifo.rf/grf.rf/gntv_or_sync_fifo.gl0.wr/gwss.wsts/ram_afull_i, and CUPPA_0/UART_DEBUG_0/FIFO_2048_32_0/U0/inst_fifo_gen/gconvfifo.rf/grf.rf/gntv_or_sync_fifo.gl0.wr/gwss.wsts/ram_full_i.
WARNING: [DRC ZPS7-1] PS7 block required: The PS7 cell must be used in this Zynq design in order to enable correct default configuration.
INFO: [Vivado 12-3199] DRC finished with 0 Errors, 2 Warnings
INFO: [Vivado 12-3200] Please refer to the DRC report (report_drc) for more information.
INFO: [Designutils 20-2272] Running write_bitstream with 2 threads.
Loading data files...
Loading site data...
Loading route data...
Processing options...
Creating bitmap...
Creating bitstream...
Writing bitstream ./top.bit...
INFO: [Vivado 12-1842] Bitgen Completed Successfully.
INFO: [Project 1-120] WebTalk data collection is mandatory when using a WebPACK part without a full Vivado license. To see the specific WebTalk data collected for your design, open the usage_statistics_webtalk.html or usage_statistics_webtalk.xml file in the implementation directory.
INFO: [Common 17-186] 'C:/Users/atfie/watchman-ne1/wdc_zedboard/wdc_zedboard/wdc_zedboard.runs/impl_1/usage_statistics_webtalk.xml' has been successfully sent to Xilinx on Wed Sep 30 16:37:34 2020. For additional details about this file, please refer to the WebTalk help file at C:/Xilinx/Vivado/2019.1/doc/webtalk_introduction.html.
INFO: [Common 17-83] Releasing license: Implementation
117 Infos, 2 Warnings, 0 Critical Warnings and 0 Errors encountered.
write_bitstream completed successfully
write_bitstream: Time (s): cpu = 00:00:22 ; elapsed = 00:00:21 . Memory (MB): peak = 2059.898 ; gain = 433.492
INFO: [Common 17-206] Exiting Vivado at Wed Sep 30 16:37:34 2020...
