Copyright 1986-2019 Xilinx, Inc. All Rights Reserved.
---------------------------------------------------------------------------------------------------
| Tool Version : Vivado v.2019.1 (win64) Build 2552052 Fri May 24 14:49:42 MDT 2019
| Date         : Tue Oct  6 18:23:47 2020
| Host         : LAPTOP-GBOUD091 running 64-bit major release  (build 9200)
| Command      : report_drc -file top_drc_routed.rpt -pb top_drc_routed.pb -rpx top_drc_routed.rpx
| Design       : top
| Device       : xc7z020clg484-1
| Speed File   : -1
| Design State : Fully Routed
---------------------------------------------------------------------------------------------------

Report DRC

Table of Contents
-----------------
1. REPORT SUMMARY
2. REPORT DETAILS

1. REPORT SUMMARY
-----------------
            Netlist: netlist
          Floorplan: design_1
      Design limits: <entire design considered>
           Ruledeck: default
             Max violations: <unlimited>
             Violations found: 2
+-----------+----------+--------------------+------------+
| Rule      | Severity | Description        | Violations |
+-----------+----------+--------------------+------------+
| RTSTAT-10 | Warning  | No routable loads  | 1          |
| ZPS7-1    | Warning  | PS7 block required | 1          |
+-----------+----------+--------------------+------------+

2. REPORT DETAILS
-----------------
RTSTAT-10#1 Warning
No routable loads  
9 net(s) have no routable loads. The problem bus(es) and/or net(s) are WFM_ACQ_1/i_cuppa_wvb_trig_bundle[17], WFM_ACQ_0/i_cuppa_wvb_trig_bundle[17], WFM_ACQ_0/WVB/WBS/HDR_FIFO_FMT_0/U0/inst_fifo_gen/gconvfifo.rf/grf.rf/gntv_or_sync_fifo.gl0.wr/gwss.wsts/ram_afull_fb, WFM_ACQ_1/WVB/WBS/HDR_FIFO_FMT_0/U0/inst_fifo_gen/gconvfifo.rf/grf.rf/gntv_or_sync_fifo.gl0.wr/gwss.wsts/ram_afull_fb, CUPPA_0/UART_DEBUG_0/FIFO_2048_32_0/U0/inst_fifo_gen/gconvfifo.rf/grf.rf/gntv_or_sync_fifo.gl0.wr/gwss.wsts/ram_afull_fb, WFM_ACQ_0/WVB/WBS/HDR_FIFO_FMT_0/U0/inst_fifo_gen/gconvfifo.rf/grf.rf/gntv_or_sync_fifo.gl0.wr/gwss.wsts/ram_afull_i, WFM_ACQ_1/WVB/WBS/HDR_FIFO_FMT_0/U0/inst_fifo_gen/gconvfifo.rf/grf.rf/gntv_or_sync_fifo.gl0.wr/gwss.wsts/ram_afull_i, CUPPA_0/UART_DEBUG_0/FIFO_2048_32_0/U0/inst_fifo_gen/gconvfifo.rf/grf.rf/gntv_or_sync_fifo.gl0.wr/gwss.wsts/ram_afull_i, CUPPA_0/UART_DEBUG_0/FIFO_2048_32_0/U0/inst_fifo_gen/gconvfifo.rf/grf.rf/gntv_or_sync_fifo.gl0.wr/gwss.wsts/ram_full_i.
Related violations: <none>

ZPS7-1#1 Warning
PS7 block required  
The PS7 cell must be used in this Zynq design in order to enable correct default configuration.
Related violations: <none>


