Copyright 1986-2019 Xilinx, Inc. All Rights Reserved.
------------------------------------------------------------------------------------
| Tool Version : Vivado v.2019.1 (win64) Build 2552052 Fri May 24 14:49:42 MDT 2019
| Date         : Tue Sep 29 17:54:44 2020
| Host         : LAPTOP-GBOUD091 running 64-bit major release  (build 9200)
| Command      : report_control_sets -verbose -file top_control_sets_placed.rpt
| Design       : top
| Device       : xc7z020
------------------------------------------------------------------------------------

Control Set Information

Table of Contents
-----------------
1. Summary
2. Histogram
3. Flip-Flop Distribution
4. Detailed Control Set Information

1. Summary
----------

+----------------------------------------------------------+-------+
|                          Status                          | Count |
+----------------------------------------------------------+-------+
| Total control sets                                       |    29 |
|    Minimum number of control sets                        |    29 |
|    Addition due to synthesis replication                 |     0 |
|    Addition due to physical synthesis replication        |     0 |
| Unused register locations in slices containing registers |    55 |
+----------------------------------------------------------+-------+
* Control sets can be merged at opt_design using control_set_merge or merge_equivalent_drivers
** Run report_qor_suggestions for automated merging and remapping suggestions


2. Histogram
------------

+--------------------+-------+
|       Fanout       | Count |
+--------------------+-------+
| Total control sets |    29 |
| >= 0 to < 4        |     3 |
| >= 4 to < 6        |     3 |
| >= 6 to < 8        |     0 |
| >= 8 to < 10       |    12 |
| >= 10 to < 12      |     1 |
| >= 12 to < 14      |     2 |
| >= 14 to < 16      |     1 |
| >= 16              |     7 |
+--------------------+-------+
* Control sets can be remapped at either synth_design or opt_design


3. Flip-Flop Distribution
-------------------------

+--------------+-----------------------+------------------------+-----------------+--------------+
| Clock Enable | Synchronous Set/Reset | Asynchronous Set/Reset | Total Registers | Total Slices |
+--------------+-----------------------+------------------------+-----------------+--------------+
| No           | No                    | No                     |              12 |            8 |
| No           | No                    | Yes                    |               7 |            5 |
| No           | Yes                   | No                     |              98 |           34 |
| Yes          | No                    | No                     |              46 |           13 |
| Yes          | No                    | Yes                    |               0 |            0 |
| Yes          | Yes                   | No                     |             174 |           60 |
+--------------+-----------------------+------------------------+-----------------+--------------+


4. Detailed Control Set Information
-----------------------------------

+------------------------------+------------------------------------------------------------------------------------------------------------------+--------------------------------------------------------------------+------------------+----------------+
|         Clock Signal         |                                                   Enable Signal                                                  |                          Set/Reset Signal                          | Slice Load Count | Bel Load Count |
+------------------------------+------------------------------------------------------------------------------------------------------------------+--------------------------------------------------------------------+------------------+----------------+
|  lclk_mmcm_0/inst/clk_125MHz | CUPPA_0/UART_DEBUG_0/FT232R_HS_0/RS232_SER_0/tx_i_1_n_0                                                          | CUPPA_0/UART_DEBUG_0/FT232R_HS_0/RS232_DES_0/SYNC0/SR[0]           |                1 |              1 |
|  lclk_mmcm_0/inst/clk_125MHz | lclk_mmcm_0/inst/locked                                                                                          |                                                                    |                1 |              2 |
|  lclk_mmcm_0/inst/clk_125MHz | lclk_mmcm_0/inst/locked                                                                                          | CUPPA_0/UART_DEBUG_0/FT232R_HS_0/RS232_SER_0/launch_cnt[5]_i_1_n_0 |                1 |              3 |
|  lclk_mmcm_0/inst/clk_125MHz | CUPPA_0/UART_DEBUG_0/UART_PROC_HS_0/logic_adr[11]_i_1_n_0                                                        | CUPPA_0/UART_DEBUG_0/UART_PROC_HS_0/CRC16_8B_P_0/SR[0]             |                2 |              4 |
|  lclk_mmcm_0/inst/clk_125MHz | CUPPA_0/UART_DEBUG_0/UART_PROC_HS_0/cur_state_1                                                                  | CUPPA_0/UART_DEBUG_0/UART_PROC_HS_0/cur_state[4]_i_1_n_0           |                2 |              5 |
|  lclk_mmcm_0/inst/clk_125MHz | CUPPA_0/UART_DEBUG_0/UART_PROC_HS_0/FSM_sequential_fsm[4]_i_2_n_0                                                | CUPPA_0/UART_DEBUG_0/UART_PROC_HS_0/CRC16_8B_P_0/SR[0]             |                4 |              5 |
|  lclk_mmcm_0/inst/clk_125MHz | CUPPA_0/UART_DEBUG_0/UART_PROC_HS_0/crc_en_0                                                                     | CUPPA_0/UART_DEBUG_0/UART_PROC_HS_0/CRC16_8B_P_0/SR[0]             |                3 |              8 |
|  lclk_mmcm_0/inst/clk_125MHz | CUPPA_0/UART_DEBUG_0/UART_PROC_HS_0/crc_in[7]_i_1_n_0                                                            | CUPPA_0/UART_DEBUG_0/UART_PROC_HS_0/CRC16_8B_P_0/SR[0]             |                2 |              8 |
|  lclk_mmcm_0/inst/clk_125MHz | CUPPA_0/UART_DEBUG_0/UART_PROC_HS_0/crc_in[15]_i_1_n_0                                                           | CUPPA_0/UART_DEBUG_0/UART_PROC_HS_0/CRC16_8B_P_0/SR[0]             |                2 |              8 |
|  lclk_mmcm_0/inst/clk_125MHz | CUPPA_0/UART_DEBUG_0/UART_PROC_HS_0/len[15]_i_1_n_0                                                              | CUPPA_0/UART_DEBUG_0/UART_PROC_HS_0/CRC16_8B_P_0/SR[0]             |                5 |              8 |
|  lclk_mmcm_0/inst/clk_125MHz | CUPPA_0/UART_DEBUG_0/FT232R_HS_0/RS232_DES_0/rx_fifo_data[7]_i_1_n_0                                             | CUPPA_0/UART_DEBUG_0/FT232R_HS_0/RS232_DES_0/SYNC0/SR[0]           |                4 |              8 |
|  lclk_mmcm_0/inst/clk_125MHz | CUPPA_0/UART_DEBUG_0/UART_PROC_HS_0/len[7]_i_1_n_0                                                               | CUPPA_0/UART_DEBUG_0/UART_PROC_HS_0/CRC16_8B_P_0/SR[0]             |                3 |              8 |
|  lclk_mmcm_0/inst/clk_125MHz | CUPPA_0/UART_DEBUG_0/FT232R_HS_0/RS232_SER_0/shift_reg_0                                                         | CUPPA_0/UART_DEBUG_0/FT232R_HS_0/RS232_DES_0/SYNC0/SR[0]           |                2 |              8 |
|  lclk_mmcm_0/inst/clk_125MHz | KR_0/y[7]_i_2_n_0                                                                                                | KR_0/y[7]_i_1_n_0                                                  |                2 |              8 |
|  lclk_mmcm_0/inst/clk_125MHz | CUPPA_0/UART_DEBUG_0/UART_PROC_HS_0/logic_adr[7]_i_1_n_0                                                         | CUPPA_0/UART_DEBUG_0/UART_PROC_HS_0/CRC16_8B_P_0/SR[0]             |                3 |              8 |
|  lclk_mmcm_0/inst/clk_125MHz | CUPPA_0/UART_DEBUG_0/UART_PROC_HS_0/logic_wr_data[15]_i_1_n_0                                                    | CUPPA_0/UART_DEBUG_0/UART_PROC_HS_0/CRC16_8B_P_0/SR[0]             |                3 |              8 |
|  lclk_mmcm_0/inst/clk_125MHz | CUPPA_0/UART_DEBUG_0/UART_PROC_HS_0/logic_wr_data[7]_i_1_n_0                                                     | CUPPA_0/UART_DEBUG_0/UART_PROC_HS_0/CRC16_8B_P_0/SR[0]             |                3 |              8 |
|  lclk_mmcm_0/inst/clk_125MHz | CUPPA_0/UART_DEBUG_0/UART_PROC_HS_0/uart_rsp_data[7]_i_1_n_0                                                     | CUPPA_0/UART_DEBUG_0/UART_PROC_HS_0/CRC16_8B_P_0/SR[0]             |                4 |              9 |
|  lclk_mmcm_0/inst/clk_125MHz |                                                                                                                  | CUPPA_0/UART_DEBUG_0/UART_PROC_HS_0/CRC16_8B_P_0/SR[0]             |                9 |             10 |
|  lclk_mmcm_0/inst/clk_125MHz |                                                                                                                  |                                                                    |                8 |             12 |
|  lclk_mmcm_0/inst/clk_125MHz | CUPPA_0/CRSM_0/y_adr[11]_i_1_n_0                                                                                 | CUPPA_0/UART_DEBUG_0/FT232R_HS_0/RS232_DES_0/SYNC0/SR[0]           |                3 |             12 |
|  lclk_mmcm_0/inst/clk_125MHz | CUPPA_0/CRSM_0/i_rd_data[15]_i_2_n_0                                                                             | CUPPA_0/CRSM_0/i_rd_data[15]_i_1_n_0                               |                5 |             15 |
|  lclk_mmcm_0/inst/clk_125MHz | CUPPA_0/UART_DEBUG_0/UART_PROC_HS_0/crc_en                                                                       | CUPPA_0/UART_DEBUG_0/UART_PROC_HS_0/CRC16_8B_P_0/rst0              |                3 |             16 |
|  lclk_mmcm_0/inst/clk_125MHz | CUPPA_0/CRSM_0/y_wr_data[15]_i_1_n_0                                                                             | CUPPA_0/UART_DEBUG_0/FT232R_HS_0/RS232_DES_0/SYNC0/SR[0]           |                3 |             16 |
|  lclk_mmcm_0/inst/clk_125MHz | CUPPA_0/UART_DEBUG_0/FIFO_2048_32_0/U0/inst_fifo_gen/gconvfifo.rf/grf.rf/gntv_or_sync_fifo.gl0.rd/grss.rsts/E[0] |                                                                    |                7 |             22 |
|  lclk_mmcm_0/inst/clk_125MHz | CUPPA_0/UART_DEBUG_0/FIFO_2048_32_0/U0/inst_fifo_gen/gconvfifo.rf/grf.rf/gntv_or_sync_fifo.gl0.wr/gwss.wsts/E[0] |                                                                    |                5 |             22 |
|  lclk_mmcm_0/inst/clk_125MHz |                                                                                                                  | CUPPA_0/UART_DEBUG_0/FT232R_HS_0/RS232_DES_0/SYNC0/SR[0]           |               14 |             31 |
|  lclk_mmcm_0/inst/clk_125MHz |                                                                                                                  | CUPPA_0/UART_DEBUG_0/UART_PROC_HS_0/timeout_cnt[0]_i_1_n_0         |                8 |             32 |
|  lclk_mmcm_0/inst/clk_125MHz |                                                                                                                  | KR_0/cnt[0]_i_1_n_0                                                |                8 |             32 |
+------------------------------+------------------------------------------------------------------------------------------------------------------+--------------------------------------------------------------------+------------------+----------------+


