
*** Running vivado
    with args -log ADC_SELECT_IO.vds -m64 -product Vivado -mode batch -messageDb vivado.pb -notrace -source ADC_SELECT_IO.tcl


****** Vivado v2019.1 (64-bit)
  **** SW Build 2552052 on Fri May 24 14:49:42 MDT 2019
  **** IP Build 2548770 on Fri May 24 18:01:18 MDT 2019
    ** Copyright 1986-2019 Xilinx, Inc. All Rights Reserved.

source ADC_SELECT_IO.tcl -notrace
Command: synth_design -top ADC_SELECT_IO -part xc7z020clg484-1 -mode out_of_context
Starting synth_design
Attempting to get a license for feature 'Synthesis' and/or device 'xc7z020'
INFO: [Common 17-349] Got license for feature 'Synthesis' and/or device 'xc7z020'
INFO: [Device 21-403] Loading part xc7z020clg484-1
INFO: Launching helper process for spawning children vivado processes
INFO: Helper process launched with PID 580 
---------------------------------------------------------------------------------
Starting RTL Elaboration : Time (s): cpu = 00:00:03 ; elapsed = 00:00:04 . Memory (MB): peak = 738.836 ; gain = 178.551
---------------------------------------------------------------------------------
INFO: [Synth 8-6157] synthesizing module 'ADC_SELECT_IO' [c:/Users/atfie/watchman-ne1/wdc_zedboard/wdc_zedboard/wdc_zedboard.srcs/sources_1/ip/ADC_SELECT_IO/ADC_SELECT_IO.v:58]
	Parameter SYS_W bound to: 6 - type: integer 
	Parameter DEV_W bound to: 24 - type: integer 
INFO: [Synth 8-6157] synthesizing module 'ADC_SELECT_IO_selectio_wiz' [c:/Users/atfie/watchman-ne1/wdc_zedboard/wdc_zedboard/wdc_zedboard.srcs/sources_1/ip/ADC_SELECT_IO/ADC_SELECT_IO_selectio_wiz.v:56]
	Parameter SYS_W bound to: 6 - type: integer 
	Parameter DEV_W bound to: 24 - type: integer 
	Parameter num_serial_bits bound to: 4 - type: integer 
INFO: [Synth 8-6157] synthesizing module 'IBUFDS' [C:/Xilinx/Vivado/2019.1/scripts/rt/data/unisim_comp.v:32871]
	Parameter CAPACITANCE bound to: DONT_CARE - type: string 
	Parameter DIFF_TERM bound to: FALSE - type: string 
	Parameter DQS_BIAS bound to: FALSE - type: string 
	Parameter IBUF_DELAY_VALUE bound to: 0 - type: string 
	Parameter IBUF_LOW_PWR bound to: TRUE - type: string 
	Parameter IFD_DELAY_VALUE bound to: AUTO - type: string 
	Parameter IOSTANDARD bound to: LVDS_25 - type: string 
INFO: [Synth 8-6155] done synthesizing module 'IBUFDS' (1#1) [C:/Xilinx/Vivado/2019.1/scripts/rt/data/unisim_comp.v:32871]
INFO: [Synth 8-6157] synthesizing module 'IDELAYE2' [C:/Xilinx/Vivado/2019.1/scripts/rt/data/unisim_comp.v:34946]
	Parameter CINVCTRL_SEL bound to: FALSE - type: string 
	Parameter DELAY_SRC bound to: IDATAIN - type: string 
	Parameter HIGH_PERFORMANCE_MODE bound to: FALSE - type: string 
	Parameter IDELAY_TYPE bound to: VAR_LOAD - type: string 
	Parameter IDELAY_VALUE bound to: 0 - type: integer 
	Parameter IS_C_INVERTED bound to: 1'b0 
	Parameter IS_DATAIN_INVERTED bound to: 1'b0 
	Parameter IS_IDATAIN_INVERTED bound to: 1'b0 
	Parameter PIPE_SEL bound to: FALSE - type: string 
	Parameter REFCLK_FREQUENCY bound to: 200.000000 - type: float 
	Parameter SIGNAL_PATTERN bound to: DATA - type: string 
	Parameter SIM_DELAY_D bound to: 0 - type: integer 
INFO: [Synth 8-6155] done synthesizing module 'IDELAYE2' (2#1) [C:/Xilinx/Vivado/2019.1/scripts/rt/data/unisim_comp.v:34946]
INFO: [Synth 8-6157] synthesizing module 'ISERDESE2' [C:/Xilinx/Vivado/2019.1/scripts/rt/data/unisim_comp.v:38491]
	Parameter DATA_RATE bound to: DDR - type: string 
	Parameter DATA_WIDTH bound to: 4 - type: integer 
	Parameter DYN_CLKDIV_INV_EN bound to: FALSE - type: string 
	Parameter DYN_CLK_INV_EN bound to: FALSE - type: string 
	Parameter INIT_Q1 bound to: 1'b0 
	Parameter INIT_Q2 bound to: 1'b0 
	Parameter INIT_Q3 bound to: 1'b0 
	Parameter INIT_Q4 bound to: 1'b0 
	Parameter INTERFACE_TYPE bound to: NETWORKING - type: string 
	Parameter IOBDELAY bound to: IFD - type: string 
	Parameter IS_CLKB_INVERTED bound to: 1'b0 
	Parameter IS_CLKDIVP_INVERTED bound to: 1'b0 
	Parameter IS_CLKDIV_INVERTED bound to: 1'b0 
	Parameter IS_CLK_INVERTED bound to: 1'b0 
	Parameter IS_D_INVERTED bound to: 1'b0 
	Parameter IS_OCLKB_INVERTED bound to: 1'b0 
	Parameter IS_OCLK_INVERTED bound to: 1'b0 
	Parameter NUM_CE bound to: 2 - type: integer 
	Parameter OFB_USED bound to: FALSE - type: string 
	Parameter SERDES_MODE bound to: MASTER - type: string 
	Parameter SRVAL_Q1 bound to: 1'b0 
	Parameter SRVAL_Q2 bound to: 1'b0 
	Parameter SRVAL_Q3 bound to: 1'b0 
	Parameter SRVAL_Q4 bound to: 1'b0 
INFO: [Synth 8-6155] done synthesizing module 'ISERDESE2' (3#1) [C:/Xilinx/Vivado/2019.1/scripts/rt/data/unisim_comp.v:38491]
INFO: [Synth 8-6155] done synthesizing module 'ADC_SELECT_IO_selectio_wiz' (4#1) [c:/Users/atfie/watchman-ne1/wdc_zedboard/wdc_zedboard/wdc_zedboard.srcs/sources_1/ip/ADC_SELECT_IO/ADC_SELECT_IO_selectio_wiz.v:56]
INFO: [Synth 8-6155] done synthesizing module 'ADC_SELECT_IO' (5#1) [c:/Users/atfie/watchman-ne1/wdc_zedboard/wdc_zedboard/wdc_zedboard.srcs/sources_1/ip/ADC_SELECT_IO/ADC_SELECT_IO.v:58]
---------------------------------------------------------------------------------
Finished RTL Elaboration : Time (s): cpu = 00:00:04 ; elapsed = 00:00:05 . Memory (MB): peak = 805.383 ; gain = 245.098
---------------------------------------------------------------------------------

Report Check Netlist: 
+------+------------------+-------+---------+-------+------------------+
|      |Item              |Errors |Warnings |Status |Description       |
+------+------------------+-------+---------+-------+------------------+
|1     |multi_driven_nets |      0|        0|Passed |Multi driven nets |
+------+------------------+-------+---------+-------+------------------+
---------------------------------------------------------------------------------
Start Handling Custom Attributes
---------------------------------------------------------------------------------
---------------------------------------------------------------------------------
Finished Handling Custom Attributes : Time (s): cpu = 00:00:04 ; elapsed = 00:00:05 . Memory (MB): peak = 805.383 ; gain = 245.098
---------------------------------------------------------------------------------
---------------------------------------------------------------------------------
Finished RTL Optimization Phase 1 : Time (s): cpu = 00:00:04 ; elapsed = 00:00:05 . Memory (MB): peak = 805.383 ; gain = 245.098
---------------------------------------------------------------------------------
INFO: [Netlist 29-17] Analyzing 18 Unisim elements for replacement
INFO: [Netlist 29-28] Unisim Transformation completed in 0 CPU seconds
INFO: [Project 1-570] Preparing netlist for logic optimization

Processing XDC Constraints
Initializing timing engine
Parsing XDC File [c:/Users/atfie/watchman-ne1/wdc_zedboard/wdc_zedboard/wdc_zedboard.srcs/sources_1/ip/ADC_SELECT_IO/ADC_SELECT_IO_ooc.xdc] for cell 'inst'
Finished Parsing XDC File [c:/Users/atfie/watchman-ne1/wdc_zedboard/wdc_zedboard/wdc_zedboard.srcs/sources_1/ip/ADC_SELECT_IO/ADC_SELECT_IO_ooc.xdc] for cell 'inst'
INFO: [Project 1-236] Implementation specific constraints were found while reading constraint file [c:/Users/atfie/watchman-ne1/wdc_zedboard/wdc_zedboard/wdc_zedboard.srcs/sources_1/ip/ADC_SELECT_IO/ADC_SELECT_IO_ooc.xdc]. These constraints will be ignored for synthesis but will be used in implementation. Impacted constraints are listed in the file [.Xil/ADC_SELECT_IO_propImpl.xdc].
Resolution: To avoid this warning, move constraints listed in [.Xil/ADC_SELECT_IO_propImpl.xdc] to another XDC file and exclude this new file from synthesis with the used_in_synthesis property (File Properties dialog in GUI) and re-run elaboration/synthesis.
Parsing XDC File [c:/Users/atfie/watchman-ne1/wdc_zedboard/wdc_zedboard/wdc_zedboard.srcs/sources_1/ip/ADC_SELECT_IO/ADC_SELECT_IO.xdc] for cell 'inst'
Finished Parsing XDC File [c:/Users/atfie/watchman-ne1/wdc_zedboard/wdc_zedboard/wdc_zedboard.srcs/sources_1/ip/ADC_SELECT_IO/ADC_SELECT_IO.xdc] for cell 'inst'
Parsing XDC File [C:/Users/atfie/watchman-ne1/wdc_zedboard/wdc_zedboard/wdc_zedboard.runs/ADC_SELECT_IO_synth_1/dont_touch.xdc]
Finished Parsing XDC File [C:/Users/atfie/watchman-ne1/wdc_zedboard/wdc_zedboard/wdc_zedboard.runs/ADC_SELECT_IO_synth_1/dont_touch.xdc]
Completed Processing XDC Constraints

Netlist sorting complete. Time (s): cpu = 00:00:00 ; elapsed = 00:00:00 . Memory (MB): peak = 898.820 ; gain = 0.000
INFO: [Project 1-111] Unisim Transformation Summary:
No Unisim elements were transformed.

Constraint Validation Runtime : Time (s): cpu = 00:00:00 ; elapsed = 00:00:00.026 . Memory (MB): peak = 910.402 ; gain = 11.582
---------------------------------------------------------------------------------
Finished Constraint Validation : Time (s): cpu = 00:00:10 ; elapsed = 00:00:11 . Memory (MB): peak = 910.402 ; gain = 350.117
---------------------------------------------------------------------------------
---------------------------------------------------------------------------------
Start Loading Part and Timing Information
---------------------------------------------------------------------------------
Loading part: xc7z020clg484-1
---------------------------------------------------------------------------------
Finished Loading Part and Timing Information : Time (s): cpu = 00:00:10 ; elapsed = 00:00:11 . Memory (MB): peak = 910.402 ; gain = 350.117
---------------------------------------------------------------------------------
---------------------------------------------------------------------------------
Start Applying 'set_property' XDC Constraints
---------------------------------------------------------------------------------
Applied set_property DONT_TOUCH = true for inst. (constraint file  C:/Users/atfie/watchman-ne1/wdc_zedboard/wdc_zedboard/wdc_zedboard.runs/ADC_SELECT_IO_synth_1/dont_touch.xdc, line 9).
---------------------------------------------------------------------------------
Finished applying 'set_property' XDC Constraints : Time (s): cpu = 00:00:10 ; elapsed = 00:00:11 . Memory (MB): peak = 910.402 ; gain = 350.117
---------------------------------------------------------------------------------
---------------------------------------------------------------------------------
Finished RTL Optimization Phase 2 : Time (s): cpu = 00:00:10 ; elapsed = 00:00:11 . Memory (MB): peak = 910.402 ; gain = 350.117
---------------------------------------------------------------------------------

Report RTL Partitions: 
+-+--------------+------------+----------+
| |RTL Partition |Replication |Instances |
+-+--------------+------------+----------+
+-+--------------+------------+----------+
---------------------------------------------------------------------------------
Start RTL Component Statistics 
---------------------------------------------------------------------------------
Detailed RTL Component Info : 
---------------------------------------------------------------------------------
Finished RTL Component Statistics 
---------------------------------------------------------------------------------
---------------------------------------------------------------------------------
Start RTL Hierarchical Component Statistics 
---------------------------------------------------------------------------------
Hierarchical RTL Component report 
---------------------------------------------------------------------------------
Finished RTL Hierarchical Component Statistics
---------------------------------------------------------------------------------
---------------------------------------------------------------------------------
Start Part Resource Summary
---------------------------------------------------------------------------------
Part Resources:
DSPs: 220 (col length:60)
BRAMs: 280 (col length: RAMB18 60 RAMB36 30)
---------------------------------------------------------------------------------
Finished Part Resource Summary
---------------------------------------------------------------------------------
---------------------------------------------------------------------------------
Start Cross Boundary and Area Optimization
---------------------------------------------------------------------------------
Warning: Parallel synthesis criteria is not met 
---------------------------------------------------------------------------------
Finished Cross Boundary and Area Optimization : Time (s): cpu = 00:00:11 ; elapsed = 00:00:12 . Memory (MB): peak = 910.402 ; gain = 350.117
---------------------------------------------------------------------------------

Report RTL Partitions: 
+-+--------------+------------+----------+
| |RTL Partition |Replication |Instances |
+-+--------------+------------+----------+
+-+--------------+------------+----------+
---------------------------------------------------------------------------------
Start Applying XDC Timing Constraints
---------------------------------------------------------------------------------
---------------------------------------------------------------------------------
Finished Applying XDC Timing Constraints : Time (s): cpu = 00:00:19 ; elapsed = 00:00:20 . Memory (MB): peak = 910.402 ; gain = 350.117
---------------------------------------------------------------------------------
---------------------------------------------------------------------------------
Start Timing Optimization
---------------------------------------------------------------------------------
---------------------------------------------------------------------------------
Finished Timing Optimization : Time (s): cpu = 00:00:19 ; elapsed = 00:00:20 . Memory (MB): peak = 910.402 ; gain = 350.117
---------------------------------------------------------------------------------

Report RTL Partitions: 
+-+--------------+------------+----------+
| |RTL Partition |Replication |Instances |
+-+--------------+------------+----------+
+-+--------------+------------+----------+
---------------------------------------------------------------------------------
Start Technology Mapping
---------------------------------------------------------------------------------
---------------------------------------------------------------------------------
Finished Technology Mapping : Time (s): cpu = 00:00:19 ; elapsed = 00:00:20 . Memory (MB): peak = 910.402 ; gain = 350.117
---------------------------------------------------------------------------------

Report RTL Partitions: 
+-+--------------+------------+----------+
| |RTL Partition |Replication |Instances |
+-+--------------+------------+----------+
+-+--------------+------------+----------+
---------------------------------------------------------------------------------
Start IO Insertion
---------------------------------------------------------------------------------
---------------------------------------------------------------------------------
Start Flattening Before IO Insertion
---------------------------------------------------------------------------------
---------------------------------------------------------------------------------
Finished Flattening Before IO Insertion
---------------------------------------------------------------------------------
---------------------------------------------------------------------------------
Start Final Netlist Cleanup
---------------------------------------------------------------------------------
---------------------------------------------------------------------------------
Finished Final Netlist Cleanup
---------------------------------------------------------------------------------
---------------------------------------------------------------------------------
Finished IO Insertion : Time (s): cpu = 00:00:21 ; elapsed = 00:00:22 . Memory (MB): peak = 915.953 ; gain = 355.668
---------------------------------------------------------------------------------

Report Check Netlist: 
+------+------------------+-------+---------+-------+------------------+
|      |Item              |Errors |Warnings |Status |Description       |
+------+------------------+-------+---------+-------+------------------+
|1     |multi_driven_nets |      0|        0|Passed |Multi driven nets |
+------+------------------+-------+---------+-------+------------------+
---------------------------------------------------------------------------------
Start Renaming Generated Instances
---------------------------------------------------------------------------------
---------------------------------------------------------------------------------
Finished Renaming Generated Instances : Time (s): cpu = 00:00:21 ; elapsed = 00:00:22 . Memory (MB): peak = 915.953 ; gain = 355.668
---------------------------------------------------------------------------------

Report RTL Partitions: 
+-+--------------+------------+----------+
| |RTL Partition |Replication |Instances |
+-+--------------+------------+----------+
+-+--------------+------------+----------+
---------------------------------------------------------------------------------
Start Rebuilding User Hierarchy
---------------------------------------------------------------------------------
---------------------------------------------------------------------------------
Finished Rebuilding User Hierarchy : Time (s): cpu = 00:00:21 ; elapsed = 00:00:22 . Memory (MB): peak = 915.953 ; gain = 355.668
---------------------------------------------------------------------------------
---------------------------------------------------------------------------------
Start Renaming Generated Ports
---------------------------------------------------------------------------------
---------------------------------------------------------------------------------
Finished Renaming Generated Ports : Time (s): cpu = 00:00:21 ; elapsed = 00:00:22 . Memory (MB): peak = 915.953 ; gain = 355.668
---------------------------------------------------------------------------------
---------------------------------------------------------------------------------
Start Handling Custom Attributes
---------------------------------------------------------------------------------
---------------------------------------------------------------------------------
Finished Handling Custom Attributes : Time (s): cpu = 00:00:21 ; elapsed = 00:00:22 . Memory (MB): peak = 915.953 ; gain = 355.668
---------------------------------------------------------------------------------
---------------------------------------------------------------------------------
Start Renaming Generated Nets
---------------------------------------------------------------------------------
---------------------------------------------------------------------------------
Finished Renaming Generated Nets : Time (s): cpu = 00:00:21 ; elapsed = 00:00:22 . Memory (MB): peak = 915.953 ; gain = 355.668
---------------------------------------------------------------------------------
---------------------------------------------------------------------------------
Start Writing Synthesis Report
---------------------------------------------------------------------------------

Report BlackBoxes: 
+-+--------------+----------+
| |BlackBox name |Instances |
+-+--------------+----------+
+-+--------------+----------+

Report Cell Usage: 
+------+----------+------+
|      |Cell      |Count |
+------+----------+------+
|1     |IDELAYE2  |     6|
|2     |ISERDESE2 |     6|
|3     |LUT1      |     1|
|4     |IBUFDS    |     6|
+------+----------+------+

Report Instance Areas: 
+------+---------+---------------------------+------+
|      |Instance |Module                     |Cells |
+------+---------+---------------------------+------+
|1     |top      |                           |    19|
|2     |  inst   |ADC_SELECT_IO_selectio_wiz |    19|
+------+---------+---------------------------+------+
---------------------------------------------------------------------------------
Finished Writing Synthesis Report : Time (s): cpu = 00:00:21 ; elapsed = 00:00:22 . Memory (MB): peak = 915.953 ; gain = 355.668
---------------------------------------------------------------------------------
Synthesis finished with 0 errors, 0 critical warnings and 0 warnings.
Synthesis Optimization Runtime : Time (s): cpu = 00:00:14 ; elapsed = 00:00:20 . Memory (MB): peak = 915.953 ; gain = 250.648
Synthesis Optimization Complete : Time (s): cpu = 00:00:21 ; elapsed = 00:00:22 . Memory (MB): peak = 915.953 ; gain = 355.668
INFO: [Project 1-571] Translating synthesized netlist
INFO: [Netlist 29-17] Analyzing 18 Unisim elements for replacement
INFO: [Netlist 29-28] Unisim Transformation completed in 0 CPU seconds
INFO: [Project 1-570] Preparing netlist for logic optimization
INFO: [Opt 31-138] Pushed 1 inverter(s) to 6 load pin(s).
Netlist sorting complete. Time (s): cpu = 00:00:00 ; elapsed = 00:00:00 . Memory (MB): peak = 935.199 ; gain = 0.000
INFO: [Project 1-111] Unisim Transformation Summary:
No Unisim elements were transformed.

INFO: [Common 17-83] Releasing license: Synthesis
24 Infos, 0 Warnings, 0 Critical Warnings and 0 Errors encountered.
synth_design completed successfully
synth_design: Time (s): cpu = 00:00:27 ; elapsed = 00:00:28 . Memory (MB): peak = 935.199 ; gain = 637.027
Netlist sorting complete. Time (s): cpu = 00:00:00 ; elapsed = 00:00:00 . Memory (MB): peak = 935.199 ; gain = 0.000
WARNING: [Constraints 18-5210] No constraints selected for write.
Resolution: This message can indicate that there are no constraints for the design, or it can indicate that the used_in flags are set such that the constraints are ignored. This later case is used when running synth_design to not write synthesis constraints to the resulting checkpoint. Instead, project constraints are read when the synthesized design is opened.
INFO: [Common 17-1381] The checkpoint 'C:/Users/atfie/watchman-ne1/wdc_zedboard/wdc_zedboard/wdc_zedboard.runs/ADC_SELECT_IO_synth_1/ADC_SELECT_IO.dcp' has been generated.
WARNING: [Common 17-576] 'use_project_ipc' is deprecated. This option is deprecated and no longer used.
INFO: [Coretcl 2-1648] Added synthesis output to IP cache for IP ADC_SELECT_IO, cache-ID = a3abd3c73ef24288
Netlist sorting complete. Time (s): cpu = 00:00:00 ; elapsed = 00:00:00 . Memory (MB): peak = 935.199 ; gain = 0.000
WARNING: [Constraints 18-5210] No constraints selected for write.
Resolution: This message can indicate that there are no constraints for the design, or it can indicate that the used_in flags are set such that the constraints are ignored. This later case is used when running synth_design to not write synthesis constraints to the resulting checkpoint. Instead, project constraints are read when the synthesized design is opened.
INFO: [Common 17-1381] The checkpoint 'C:/Users/atfie/watchman-ne1/wdc_zedboard/wdc_zedboard/wdc_zedboard.runs/ADC_SELECT_IO_synth_1/ADC_SELECT_IO.dcp' has been generated.
INFO: [runtcl-4] Executing : report_utilization -file ADC_SELECT_IO_utilization_synth.rpt -pb ADC_SELECT_IO_utilization_synth.pb
INFO: [Common 17-206] Exiting Vivado at Thu Oct  8 14:35:03 2020...
